<?xml version="1.0" encoding="UTF-8"?>
<!-- Generated by org.testng.reporters.JUnitXMLReporter -->
<testsuite ignored="0" hostname="DESKTOP-P608RAU" failures="0" tests="6" name="Default test" time="21.306" errors="0" timestamp="2023-06-28T20:38:36 IST">
  <testcase classname="testCase.TC1" name="display" time="1.315"/>
  <testcase classname="testCase.TC1" name="display" time="1.211"/>
  <testcase classname="testCase.TC1" name="display" time="1.209"/>
  <testcase classname="testCase.TC1" name="display" time="1.238"/>
  <testcase classname="testCase.TC1" name="display" time="1.207"/>
  <testcase classname="testCase.TC1" name="display" time="1.241"/>
</testsuite> <!-- Default test -->
