<?xml version="1.0" encoding="UTF-8"?>
<testng-results ignored="0" total="6" passed="6" failed="0" skipped="0">
  <reporter-output>
  </reporter-output>
  <suite started-at="2023-06-30T11:28:05 IST" name="Suite" finished-at="2023-06-30T11:28:29 IST" duration-ms="23929">
    <groups>
    </groups>
    <test started-at="2023-06-30T11:28:05 IST" name="Test" finished-at="2023-06-30T11:28:29 IST" duration-ms="23929">
      <class name="testCase.TC1">
        <test-method is-config="true" signature="setup()[pri:0, instance:testCase.TC1@5b03b9fe]" started-at="2023-06-30T11:28:07 IST" name="setup" finished-at="2023-06-30T11:28:12 IST" duration-ms="5133" status="PASS">
          <reporter-output>
          </reporter-output>
        </test-method> <!-- setup -->
        <test-method signature="display(java.lang.String,java.lang.String)[pri:1, instance:testCase.TC1@5b03b9fe]" started-at="2023-06-30T11:28:12 IST" name="display" data-provider="ExcelData1" finished-at="2023-06-30T11:28:13 IST" duration-ms="1461" status="PASS">
          <params>
            <param index="0">
              <value>
                <![CDATA[standard_user]]>
              </value>
            </param>
            <param index="1">
              <value>
                <![CDATA[secret_sauce]]>
              </value>
            </param>
          </params>
          <reporter-output>
          </reporter-output>
        </test-method> <!-- display -->
        <test-method is-config="true" signature="tearDown()[pri:0, instance:testCase.TC1@5b03b9fe]" started-at="2023-06-30T11:28:13 IST" name="tearDown" finished-at="2023-06-30T11:28:13 IST" duration-ms="125" status="PASS">
          <reporter-output>
          </reporter-output>
        </test-method> <!-- tearDown -->
        <test-method is-config="true" signature="setup()[pri:0, instance:testCase.TC1@5b03b9fe]" started-at="2023-06-30T11:28:13 IST" name="setup" finished-at="2023-06-30T11:28:15 IST" duration-ms="1666" status="PASS">
          <reporter-output>
          </reporter-output>
        </test-method> <!-- setup -->
        <test-method signature="display(java.lang.String,java.lang.String)[pri:1, instance:testCase.TC1@5b03b9fe]" started-at="2023-06-30T11:28:15 IST" name="display" data-provider="ExcelData1" finished-at="2023-06-30T11:28:17 IST" duration-ms="1368" status="PASS">
          <params>
            <param index="0">
              <value>
                <![CDATA[AAAAA]]>
              </value>
            </param>
            <param index="1">
              <value>
                <![CDATA[BBBBB]]>
              </value>
            </param>
          </params>
          <reporter-output>
          </reporter-output>
        </test-method> <!-- display -->
        <test-method is-config="true" signature="tearDown()[pri:0, instance:testCase.TC1@5b03b9fe]" started-at="2023-06-30T11:28:17 IST" name="tearDown" finished-at="2023-06-30T11:28:17 IST" duration-ms="128" status="PASS">
          <reporter-output>
          </reporter-output>
        </test-method> <!-- tearDown -->
        <test-method is-config="true" signature="setup()[pri:0, instance:testCase.TC1@5b03b9fe]" started-at="2023-06-30T11:28:17 IST" name="setup" finished-at="2023-06-30T11:28:18 IST" duration-ms="1495" status="PASS">
          <reporter-output>
          </reporter-output>
        </test-method> <!-- setup -->
        <test-method signature="display(java.lang.String,java.lang.String)[pri:1, instance:testCase.TC1@5b03b9fe]" started-at="2023-06-30T11:28:18 IST" name="display" data-provider="ExcelData1" finished-at="2023-06-30T11:28:20 IST" duration-ms="1395" status="PASS">
          <params>
            <param index="0">
              <value>
                <![CDATA[GGGGG]]>
              </value>
            </param>
            <param index="1">
              <value>
                <![CDATA[HHHH]]>
              </value>
            </param>
          </params>
          <reporter-output>
          </reporter-output>
        </test-method> <!-- display -->
        <test-method is-config="true" signature="tearDown()[pri:0, instance:testCase.TC1@5b03b9fe]" started-at="2023-06-30T11:28:20 IST" name="tearDown" finished-at="2023-06-30T11:28:20 IST" duration-ms="98" status="PASS">
          <reporter-output>
          </reporter-output>
        </test-method> <!-- tearDown -->
        <test-method is-config="true" signature="setup()[pri:0, instance:testCase.TC1@5b03b9fe]" started-at="2023-06-30T11:28:20 IST" name="setup" finished-at="2023-06-30T11:28:21 IST" duration-ms="1584" status="PASS">
          <reporter-output>
          </reporter-output>
        </test-method> <!-- setup -->
        <test-method signature="display(java.lang.String,java.lang.String)[pri:1, instance:testCase.TC1@5b03b9fe]" started-at="2023-06-30T11:28:21 IST" name="display" data-provider="ExcelData1" finished-at="2023-06-30T11:28:23 IST" duration-ms="1478" status="PASS">
          <params>
            <param index="0">
              <value>
                <![CDATA[standard_user]]>
              </value>
            </param>
            <param index="1">
              <value>
                <![CDATA[secret_sauce]]>
              </value>
            </param>
          </params>
          <reporter-output>
          </reporter-output>
        </test-method> <!-- display -->
        <test-method is-config="true" signature="tearDown()[pri:0, instance:testCase.TC1@5b03b9fe]" started-at="2023-06-30T11:28:23 IST" name="tearDown" finished-at="2023-06-30T11:28:23 IST" duration-ms="102" status="PASS">
          <reporter-output>
          </reporter-output>
        </test-method> <!-- tearDown -->
        <test-method is-config="true" signature="setup()[pri:0, instance:testCase.TC1@5b03b9fe]" started-at="2023-06-30T11:28:23 IST" name="setup" finished-at="2023-06-30T11:28:24 IST" duration-ms="1669" status="PASS">
          <reporter-output>
          </reporter-output>
        </test-method> <!-- setup -->
        <test-method signature="display(java.lang.String,java.lang.String)[pri:1, instance:testCase.TC1@5b03b9fe]" started-at="2023-06-30T11:28:24 IST" name="display" data-provider="ExcelData1" finished-at="2023-06-30T11:28:26 IST" duration-ms="1385" status="PASS">
          <params>
            <param index="0">
              <value>
                <![CDATA[Parag]]>
              </value>
            </param>
            <param index="1">
              <value>
                <![CDATA[12345]]>
              </value>
            </param>
          </params>
          <reporter-output>
          </reporter-output>
        </test-method> <!-- display -->
        <test-method is-config="true" signature="tearDown()[pri:0, instance:testCase.TC1@5b03b9fe]" started-at="2023-06-30T11:28:26 IST" name="tearDown" finished-at="2023-06-30T11:28:26 IST" duration-ms="115" status="PASS">
          <reporter-output>
          </reporter-output>
        </test-method> <!-- tearDown -->
        <test-method is-config="true" signature="setup()[pri:0, instance:testCase.TC1@5b03b9fe]" started-at="2023-06-30T11:28:26 IST" name="setup" finished-at="2023-06-30T11:28:28 IST" duration-ms="1695" status="PASS">
          <reporter-output>
          </reporter-output>
        </test-method> <!-- setup -->
        <test-method signature="display(java.lang.String,java.lang.String)[pri:1, instance:testCase.TC1@5b03b9fe]" started-at="2023-06-30T11:28:28 IST" name="display" data-provider="ExcelData1" finished-at="2023-06-30T11:28:29 IST" duration-ms="1425" status="PASS">
          <params>
            <param index="0">
              <value>
                <![CDATA[standard_user]]>
              </value>
            </param>
            <param index="1">
              <value>
                <![CDATA[secret_sauce]]>
              </value>
            </param>
          </params>
          <reporter-output>
          </reporter-output>
        </test-method> <!-- display -->
        <test-method is-config="true" signature="tearDown()[pri:0, instance:testCase.TC1@5b03b9fe]" started-at="2023-06-30T11:28:29 IST" name="tearDown" finished-at="2023-06-30T11:28:29 IST" duration-ms="97" status="PASS">
          <reporter-output>
          </reporter-output>
        </test-method> <!-- tearDown -->
      </class> <!-- testCase.TC1 -->
    </test> <!-- Test -->
  </suite> <!-- Suite -->
</testng-results>
