<?xml version="1.0" encoding="UTF-8"?>
<!-- Generated by org.testng.reporters.JUnitXMLReporter -->
<testsuite ignored="0" hostname="DESKTOP-P608RAU" failures="0" tests="6" name="Test" time="23.816" errors="0" timestamp="2023-06-29T12:18:26 IST">
  <testcase classname="testCase.TC1" name="display" time="1.58"/>
  <testcase classname="testCase.TC1" name="display" time="1.477"/>
  <testcase classname="testCase.TC1" name="display" time="1.463"/>
  <testcase classname="testCase.TC1" name="display" time="1.67"/>
  <testcase classname="testCase.TC1" name="display" time="1.532"/>
  <testcase classname="testCase.TC1" name="display" time="1.558"/>
</testsuite> <!-- Test -->
