<?xml version="1.0" encoding="UTF-8"?>
<!-- Generated by org.testng.reporters.JUnitXMLReporter -->
<testsuite ignored="0" hostname="DESKTOP-P608RAU" failures="0" tests="6" name="Test" time="23.527" errors="0" timestamp="2023-06-28T22:16:05 IST">
  <testcase classname="testCase.TC1" name="display" time="1.442"/>
  <testcase classname="testCase.TC1" name="display" time="1.443"/>
  <testcase classname="testCase.TC1" name="display" time="1.35"/>
  <testcase classname="testCase.TC1" name="display" time="1.407"/>
  <testcase classname="testCase.TC1" name="display" time="1.383"/>
  <testcase classname="testCase.TC1" name="display" time="1.421"/>
</testsuite> <!-- Test -->
